Flow report for Fuzzy_1
Sun Nov 27 23:07:43 2022
Quartus Prime Version 18.1.0 Build 625 09/12/2018 SJ Lite Edition


---------------------
; Table of Contents ;
---------------------
  1. Legal Notice
  2. Flow Summary
  3. Flow Settings
  4. Flow Non-Default Global Settings
  5. Flow Elapsed Time
  6. Flow OS Summary
  7. Flow Log
  8. Flow Messages
  9. Flow Suppressed Messages



----------------
; Legal Notice ;
----------------
Copyright (C) 2018  Intel Corporation. All rights reserved.
Your use of Intel Corporation's design tools, logic functions 
and other software and tools, and its AMPP partner logic 
functions, and any output files from any of the foregoing 
(including device programming or simulation files), and any 
associated documentation or information are expressly subject 
to the terms and conditions of the Intel Program License 
Subscription Agreement, the Intel Quartus Prime License Agreement,
the Intel FPGA IP License Agreement, or other applicable license
agreement, including, without limitation, that your use is for
the sole purpose of programming logic devices manufactured by
Intel and sold by Intel or its authorized distributors.  Please
refer to the applicable agreement for further details.



+----------------------------------------------------------------------------------+
; Flow Summary                                                                     ;
+------------------------------------+---------------------------------------------+
; Flow Status                        ; Successful - Sun Nov 27 23:07:43 2022       ;
; Quartus Prime Version              ; 18.1.0 Build 625 09/12/2018 SJ Lite Edition ;
; Revision Name                      ; Fuzzy_1                                     ;
; Top-level Entity Name              ; Fuzzy_1                                     ;
; Family                             ; Cyclone IV E                                ;
; Device                             ; EP4CE115F29C7                               ;
; Timing Models                      ; Final                                       ;
; Total logic elements               ; 25,464 / 114,480 ( 22 % )                   ;
;     Total combinational functions  ; 25,462 / 114,480 ( 22 % )                   ;
;     Dedicated logic registers      ; 76 / 114,480 ( < 1 % )                      ;
; Total registers                    ; 76                                          ;
; Total pins                         ; 34 / 529 ( 6 % )                            ;
; Total virtual pins                 ; 0                                           ;
; Total memory bits                  ; 0 / 3,981,312 ( 0 % )                       ;
; Embedded Multiplier 9-bit elements ; 64 / 532 ( 12 % )                           ;
; Total PLLs                         ; 0 / 4 ( 0 % )                               ;
+------------------------------------+---------------------------------------------+


+-----------------------------------------+
; Flow Settings                           ;
+-------------------+---------------------+
; Option            ; Setting             ;
+-------------------+---------------------+
; Start date & time ; 11/27/2022 23:01:22 ;
; Main task         ; Compilation         ;
; Revision Name     ; Fuzzy_1             ;
+-------------------+---------------------+


+------------------------------------------------------------------------------------------------------------------------------+
; Flow Non-Default Global Settings                                                                                             ;
+--------------------------------------+----------------------------------------+---------------+-------------+----------------+
; Assignment Name                      ; Value                                  ; Default Value ; Entity Name ; Section Id     ;
+--------------------------------------+----------------------------------------+---------------+-------------+----------------+
; COMPILER_SIGNATURE_ID                ; 123870410517417.166960088226004        ; --            ; --          ; --             ;
; EDA_DESIGN_INSTANCE_NAME             ; NA                                     ; --            ; --          ; Fuzzy_1_tb     ;
; EDA_NATIVELINK_SIMULATION_TEST_BENCH ; Fuzzy_1_tb                             ; --            ; --          ; eda_simulation ;
; EDA_OUTPUT_DATA_FORMAT               ; Verilog Hdl                            ; --            ; --          ; eda_simulation ;
; EDA_SIMULATION_TOOL                  ; ModelSim-Altera (Verilog)              ; <None>        ; --          ; --             ;
; EDA_TEST_BENCH_ENABLE_STATUS         ; TEST_BENCH_MODE                        ; --            ; --          ; eda_simulation ;
; EDA_TEST_BENCH_FILE                  ; Fuzzy_1_tb.v                           ; --            ; --          ; Fuzzy_1_tb     ;
; EDA_TEST_BENCH_MODULE_NAME           ; Fuzzy_1_tb                             ; --            ; --          ; Fuzzy_1_tb     ;
; EDA_TEST_BENCH_NAME                  ; Fuzzy_1_tb                             ; --            ; --          ; eda_simulation ;
; EDA_TIME_SCALE                       ; 1 ps                                   ; --            ; --          ; eda_simulation ;
; MAX_CORE_JUNCTION_TEMP               ; 85                                     ; --            ; --          ; --             ;
; MIN_CORE_JUNCTION_TEMP               ; 0                                      ; --            ; --          ; --             ;
; NOMINAL_CORE_SUPPLY_VOLTAGE          ; 1.2V                                   ; --            ; --          ; --             ;
; PARTITION_COLOR                      ; -- (Not supported for targeted family) ; --            ; --          ; Top            ;
; PARTITION_FITTER_PRESERVATION_LEVEL  ; -- (Not supported for targeted family) ; --            ; --          ; Top            ;
; PARTITION_NETLIST_TYPE               ; -- (Not supported for targeted family) ; --            ; --          ; Top            ;
; POWER_BOARD_THERMAL_MODEL            ; None (CONSERVATIVE)                    ; --            ; --          ; --             ;
; POWER_PRESET_COOLING_SOLUTION        ; 23 MM HEAT SINK WITH 200 LFPM AIRFLOW  ; --            ; --          ; --             ;
; PROJECT_OUTPUT_DIRECTORY             ; output_files                           ; --            ; --          ; --             ;
; STATE_MACHINE_PROCESSING             ; User-Encoded                           ; Auto          ; --          ; --             ;
+--------------------------------------+----------------------------------------+---------------+-------------+----------------+


+--------------------------------------------------------------------------------------------------------------------------+
; Flow Elapsed Time                                                                                                        ;
+----------------------+--------------+-------------------------+---------------------+------------------------------------+
; Module Name          ; Elapsed Time ; Average Processors Used ; Peak Virtual Memory ; Total CPU Time (on all processors) ;
+----------------------+--------------+-------------------------+---------------------+------------------------------------+
; Analysis & Synthesis ; 00:02:13     ; 1.0                     ; 5041 MB             ; 00:01:54                           ;
; Fitter               ; 00:02:42     ; 1.3                     ; 6536 MB             ; 00:03:00                           ;
; Assembler            ; 00:00:03     ; 1.0                     ; 4748 MB             ; 00:00:01                           ;
; Timing Analyzer      ; 00:01:06     ; 1.1                     ; 5114 MB             ; 00:00:56                           ;
; EDA Netlist Writer   ; 00:00:03     ; 1.0                     ; 4729 MB             ; 00:00:01                           ;
; Total                ; 00:06:07     ; --                      ; --                  ; 00:05:52                           ;
+----------------------+--------------+-------------------------+---------------------+------------------------------------+


+------------------------------------------------------------------------------------+
; Flow OS Summary                                                                    ;
+----------------------+------------------+------------+------------+----------------+
; Module Name          ; Machine Hostname ; OS Name    ; OS Version ; Processor type ;
+----------------------+------------------+------------+------------+----------------+
; Analysis & Synthesis ; G15-DELL         ; Windows 10 ; 10.0       ; x86_64         ;
; Fitter               ; G15-DELL         ; Windows 10 ; 10.0       ; x86_64         ;
; Assembler            ; G15-DELL         ; Windows 10 ; 10.0       ; x86_64         ;
; Timing Analyzer      ; G15-DELL         ; Windows 10 ; 10.0       ; x86_64         ;
; EDA Netlist Writer   ; G15-DELL         ; Windows 10 ; 10.0       ; x86_64         ;
+----------------------+------------------+------------+------------+----------------+


------------
; Flow Log ;
------------
quartus_map --read_settings_files=on --write_settings_files=off Fuzzy_1 -c Fuzzy_1
quartus_fit --read_settings_files=off --write_settings_files=off Fuzzy_1 -c Fuzzy_1
quartus_asm --read_settings_files=off --write_settings_files=off Fuzzy_1 -c Fuzzy_1
quartus_sta Fuzzy_1 -c Fuzzy_1
quartus_eda --read_settings_files=off --write_settings_files=off Fuzzy_1 -c Fuzzy_1



